[INFO]2019-01-10 09:35:53,903 [web.grabbing.get_meipai] log创建成功。。。。。
[INFO]2019-01-10 09:35:53,904 [web.grabbing.get_meipai] 【夏坤姐弟之一起打扫房间吧！】:114000
[INFO]2019-01-10 09:35:55,250 [web.grabbing.get_meipai] 【手工制作芭比的超迷你旅行箱吧！】第二集:93054
[INFO]2019-01-10 09:35:55,827 [web.grabbing.get_meipai] 【手工制作芭比的超迷你旅行箱吧！】第一集:101000
[INFO]2019-01-10 09:35:56,500 [web.grabbing.get_meipai] 【孵化出双胞胎小鸟魔法奇趣蛋吧！】第三集:87951
[INFO]2019-01-10 09:35:57,083 [web.grabbing.get_meipai] 【孵化出双胞胎小鸟魔法奇趣蛋吧！】第二集:78981
[INFO]2019-01-10 09:35:57,703 [web.grabbing.get_meipai] 【孵化出双胞胎小鸟魔法奇趣蛋吧！】第一集:88277
[INFO]2019-01-10 09:35:58,308 [web.grabbing.get_meipai] 【找出可爱企鹅的神秘嘉宾！】第三集:89612
[INFO]2019-01-10 09:35:58,914 [web.grabbing.get_meipai] 【找出可爱企鹅的神秘嘉宾！】第二集:86638
[INFO]2019-01-10 09:35:59,473 [web.grabbing.get_meipai] 【找出可爱企鹅的神秘嘉宾！】第一集:122000
[INFO]2019-01-10 09:36:00,960 [web.grabbing.get_meipai] 【小伶居然第一次拆lol惊喜娃娃！】第三集:79943
[INFO]2019-01-10 09:36:01,612 [web.grabbing.get_meipai] 【小伶居然第一次拆lol惊喜娃娃！】第二集:77222
[INFO]2019-01-10 09:36:02,333 [web.grabbing.get_meipai] 【小伶居然第一次拆lol惊喜娃娃！】第一集:103000
[INFO]2019-01-10 09:36:02,885 [web.grabbing.get_meipai] 【终于到了真正的霍格沃茨！】第二集:93949
[INFO]2019-01-10 09:36:03,473 [web.grabbing.get_meipai] 【终于到了真正的霍格沃茨！】第一集:86169
[INFO]2019-01-10 09:36:04,127 [web.grabbing.get_meipai] 【三色挑战制作手机壳DIY啦！】第二集:109000
[INFO]2019-01-10 09:36:04,780 [web.grabbing.get_meipai] 【三色挑战制作手机壳DIY啦！】第一集:325000
[INFO]2019-01-10 09:36:05,582 [web.grabbing.get_meipai] 【最佳发型师比赛！】第二集:96058
[INFO]2019-01-10 09:36:06,655 [web.grabbing.get_meipai] 【最佳发型师比赛！】第一集:128000
[INFO]2019-01-10 09:36:07,978 [web.grabbing.get_meipai] 【夏坤姐弟之最佳吃面美食搭配！】第二集:106000
[INFO]2019-01-10 09:36:08,719 [web.grabbing.get_meipai] 【夏坤姐弟之最佳吃面美食搭配！】第一集:212000
[INFO]2019-01-10 09:36:09,302 [web.grabbing.get_meipai] 【选出人鱼公主的鱼尾礼服吧！】第二集:85772
[INFO]2019-01-10 09:36:11,897 [web.grabbing.get_meipai] 【选出人鱼公主的鱼尾礼服吧！】第一集:149000
[INFO]2019-01-10 09:36:12,472 [web.grabbing.get_meipai] 【可以吃的彩色折纸！】第二集:91643
[INFO]2019-01-10 09:36:13,023 [web.grabbing.get_meipai] 【可以吃的彩色折纸！】第一集:300000
[INFO]2019-01-10 09:36:13,573 [web.grabbing.get_meipai] 【接受料理任务！】第三集:98893
[INFO]2019-01-10 09:36:14,281 [web.grabbing.get_meipai] 【接受料理任务！】第二集:73472
[INFO]2019-01-10 09:36:14,797 [web.grabbing.get_meipai] 【接受料理任务！】第一集:73124
[INFO]2019-01-10 09:36:15,434 [web.grabbing.get_meipai] 【悦儿挑战全种类网红奶茶试饮评！】第二集:73407
[INFO]2019-01-10 09:36:16,399 [web.grabbing.get_meipai] 【悦儿挑战全种类网红奶茶试饮评！】第一集:92847
[INFO]2019-01-10 09:36:16,935 [web.grabbing.get_meipai] 【带你去看世界上最小的厨房！】第二集:105000
[INFO]2019-01-10 09:36:17,521 [web.grabbing.get_meipai] 【带你去看世界上最小的厨房！】第一集:82884
[INFO]2019-01-10 09:36:18,107 [web.grabbing.get_meipai] 【最佳梦幻甜点的诞生！】第二集:98534
[INFO]2019-01-10 09:36:18,741 [web.grabbing.get_meipai] 【最佳梦幻甜点的诞生！】第一集:133000
[INFO]2019-01-10 09:36:19,429 [web.grabbing.get_meipai] 【超多出奇惊喜“微”你而来！】:91287
[INFO]2019-01-10 09:36:20,164 [web.grabbing.get_meipai] 【一起给牙疼的鲨鱼宝宝刷牙吧！】第二集:121000
[INFO]2019-01-10 09:36:20,740 [web.grabbing.get_meipai] 【一起给牙疼的鲨鱼宝宝刷牙吧！】第一集:233000
[INFO]2019-01-10 09:36:21,392 [web.grabbing.get_meipai] 【24小时三餐巧克力喷泉挑战】第二集:129000
[INFO]2019-01-10 09:36:22,015 [web.grabbing.get_meipai] 【24小时三餐巧克力喷泉挑战】第一集:127000
[INFO]2019-01-10 09:36:23,247 [web.grabbing.get_meipai] 【夏坤姐弟之姐姐的减肥决心】第二集:97838
[INFO]2019-01-10 09:36:23,904 [web.grabbing.get_meipai] 【夏坤姐弟之姐姐的减肥决心】第一集:91696
[INFO]2019-01-10 09:36:24,570 [web.grabbing.get_meipai] 喷上香水就变公主？珠珠的秘密魔法香水！:92385
[INFO]2019-01-10 09:36:25,132 [web.grabbing.get_meipai] 喷上香水就变公主？珠珠的秘密魔法香水！:158000
[INFO]2019-01-10 09:36:26,298 [web.grabbing.get_meipai] 可以吃的眼影甜点糖果！:105000
[INFO]2019-01-10 09:36:26,892 [web.grabbing.get_meipai] 可以吃的眼影甜点糖果！:599000
[INFO]2019-01-10 09:36:27,456 [web.grabbing.get_meipai] 派对明星公主奇趣蛋开箱！:82731
[INFO]2019-01-10 09:36:28,007 [web.grabbing.get_meipai] 派对明星公主奇趣蛋开箱！:105000
[INFO]2019-01-10 09:36:28,603 [web.grabbing.get_meipai] 拆玩具史上遇到大惨案?:148000
[INFO]2019-01-10 09:36:29,200 [web.grabbing.get_meipai] 拆玩具史上遇到大惨案?!:88897
[INFO]2019-01-10 09:36:30,226 [web.grabbing.get_meipai] 拆玩具史上遇到大惨案?!:95205
[INFO]2019-01-10 09:36:30,882 [web.grabbing.get_meipai] 真的狗狗对战电子狗狗！:97812
[INFO]2019-01-10 09:36:31,421 [web.grabbing.get_meipai] 真的狗狗对战电子狗狗！:92593
[INFO]2019-01-10 09:36:32,021 [web.grabbing.get_meipai] 夏坤姐弟争夺上铺比赛！:134000
[INFO]2019-01-10 09:36:32,756 [web.grabbing.get_meipai] 夏坤姐弟争夺上铺比赛！:136000
[INFO]2019-01-10 09:36:33,349 [web.grabbing.get_meipai] LOL惊喜娃娃也有桌游？:103000
[INFO]2019-01-10 09:36:34,853 [web.grabbing.get_meipai] LOL惊喜娃娃也有桌游？:155000
[INFO]2019-01-10 09:36:36,478 [web.grabbing.get_meipai] 十二星座手绘教学之金牛娃娃:74340
[INFO]2019-01-10 09:36:37,045 [web.grabbing.get_meipai] 十二星座手绘教学之金牛娃娃:68795
[INFO]2019-01-10 09:36:37,987 [web.grabbing.get_meipai] 搞笑自拍第二弹！谁是真正的跳跃抓拍达人？:80311
[INFO]2019-01-10 09:36:38,625 [web.grabbing.get_meipai] 搞笑自拍第二弹！谁是真正的跳跃抓拍达人？:72835
[INFO]2019-01-10 09:36:39,423 [web.grabbing.get_meipai] 幸运转盘挑战可以吃的冰冻粘土！:227000
[INFO]2019-01-10 09:36:40,087 [web.grabbing.get_meipai] 幸运转盘挑战可以吃的冰冻粘土！:103000
[INFO]2019-01-10 09:36:40,625 [web.grabbing.get_meipai] 超美LOL惊喜娃娃旗舰店人偶收纳盒！:112000
[INFO]2019-01-10 09:36:41,584 [web.grabbing.get_meipai] 超美LOL惊喜娃娃旗舰店人偶收纳盒！:294000
[INFO]2019-01-10 09:36:42,146 [web.grabbing.get_meipai] 小伶变成了小婴儿！:122000
[INFO]2019-01-10 09:36:42,728 [web.grabbing.get_meipai] 小伶变成了小婴儿！:224000
[INFO]2019-01-10 09:36:43,353 [web.grabbing.get_meipai] 超逼真咖啡杯具！:106000
[INFO]2019-01-10 09:36:43,959 [web.grabbing.get_meipai] 超逼真咖啡杯具！:102000
[INFO]2019-01-10 09:36:44,522 [web.grabbing.get_meipai] 超逼真咖啡杯具！:173000
[INFO]2019-01-10 09:36:45,040 [web.grabbing.get_meipai] 狗狗居然说话啦！超神奇的狗狗语言翻译器！:93102
[INFO]2019-01-10 09:36:45,722 [web.grabbing.get_meipai] 狗狗居然说话啦！超神奇的狗狗语言翻译器！:92166
[INFO]2019-01-10 09:36:46,310 [web.grabbing.get_meipai] 幸运转盘海苔随机包饭团！:103000
[INFO]2019-01-10 09:36:46,923 [web.grabbing.get_meipai] 幸运转盘海苔随机包饭团！:139000
[INFO]2019-01-10 09:36:47,467 [web.grabbing.get_meipai] 幸运转盘海苔随机包饭团！:113000
[INFO]2019-01-10 09:36:48,053 [web.grabbing.get_meipai] 真假食物挑战之是真的食物还是超大抱枕呢？:158000
[INFO]2019-01-10 09:36:48,835 [web.grabbing.get_meipai] 真假食物挑战之是真的食物还是超大抱枕呢？:227000
[INFO]2019-01-10 09:36:49,404 [web.grabbing.get_meipai] 伶可家族卡通形象升级啦！:87179
[INFO]2019-01-10 09:36:50,049 [web.grabbing.get_meipai] 谁更了解小伶呢？闺蜜好友测试第二弹！:76313
[INFO]2019-01-10 09:36:50,637 [web.grabbing.get_meipai] 谁更了解小伶呢？闺蜜好友测试第二弹！:69041
[INFO]2019-01-10 09:36:51,218 [web.grabbing.get_meipai] 谁更了解小伶呢？闺蜜好友测试第二弹！:101000
[INFO]2019-01-10 09:36:52,172 [web.grabbing.get_meipai] 号外！号外！紧急通知！:68988
[INFO]2019-01-10 09:36:53,067 [web.grabbing.get_meipai] 十二星座简笔画手绘之白羊座娃娃！:68984
[INFO]2019-01-10 09:36:53,637 [web.grabbing.get_meipai] 十二星座简笔画手绘之白羊座娃娃！:62414
[INFO]2019-01-10 09:36:54,182 [web.grabbing.get_meipai] 芭比宠物美容中心！:142000
[INFO]2019-01-10 09:36:55,537 [web.grabbing.get_meipai] 芭比宠物美容中心！:319000
[INFO]2019-01-10 09:36:56,819 [web.grabbing.get_meipai] 为生病的小豆子开出治疗处方吧！:78635
[INFO]2019-01-10 09:36:57,411 [web.grabbing.get_meipai] 为生病的小豆子开出治疗处方吧！:155000
[INFO]2019-01-10 09:36:57,960 [web.grabbing.get_meipai] 是透明饮料还是一般饮料？:90455
[INFO]2019-01-10 09:36:58,528 [web.grabbing.get_meipai] 是透明饮料还是一般饮料？:93981
[INFO]2019-01-10 09:36:59,014 [web.grabbing.get_meipai] 做出自己的漫画头像？:100000
[INFO]2019-01-10 09:36:59,615 [web.grabbing.get_meipai] 做出自己的漫画头像？:102000
[INFO]2019-01-10 09:37:00,170 [web.grabbing.get_meipai] 校园hello凯蒂猫运气超大抽抽乐开箱啦:119000
[INFO]2019-01-10 09:37:00,759 [web.grabbing.get_meipai] 校园hello凯蒂猫运气超大抽抽乐开箱啦:127000
[INFO]2019-01-10 09:37:01,312 [web.grabbing.get_meipai] 校园hello凯蒂猫运气超大抽抽乐开箱啦:156000
[INFO]2019-01-10 09:37:01,887 [web.grabbing.get_meipai] 小葩教你制作超实用旅行手账啦，:81456
[INFO]2019-01-10 09:37:02,482 [web.grabbing.get_meipai] 小葩教你制作超实用旅行手账啦，:69423
[INFO]2019-01-10 09:37:03,056 [web.grabbing.get_meipai] 小葩教你制作超实用旅行手账啦，:88898
[INFO]2019-01-10 09:37:03,569 [web.grabbing.get_meipai] 为转学生夏天打造最美的校服！:119000
[INFO]2019-01-10 09:37:04,946 [web.grabbing.get_meipai] 为转学生夏天打造最美的校服！:148000
[INFO]2019-01-10 09:37:05,979 [web.grabbing.get_meipai] 快出来吧！:201000
[INFO]2019-01-10 09:37:06,570 [web.grabbing.get_meipai] 快出来吧！:122000
[INFO]2019-01-10 09:37:07,770 [web.grabbing.get_meipai] 快出来吧！:104000
[INFO]2019-01-10 09:37:08,761 [web.grabbing.get_meipai] 万圣节特辑之夏天自制烛光南瓜糖果手提罐！:82656
[INFO]2019-01-10 09:37:09,329 [web.grabbing.get_meipai] 万圣节特辑之夏天自制烛光南瓜糖果手提罐！:116000
[INFO]2019-01-10 09:37:09,867 [web.grabbing.get_meipai] 如果我变成珠珠住进了秘密魔法花园会怎样？:108000
[INFO]2019-01-10 09:37:10,453 [web.grabbing.get_meipai] 如果我变成珠珠住进了秘密魔法花园会怎样？:180000
[INFO]2019-01-10 09:37:10,934 [web.grabbing.get_meipai] 万圣节特辑之制作万圣节糖果折纸啦！:77576
[INFO]2019-01-10 09:37:11,722 [web.grabbing.get_meipai] 万圣节特辑之制作万圣节糖果折纸啦！:71953
[INFO]2019-01-10 09:37:12,262 [web.grabbing.get_meipai] 芭比神秘盲盒拆拆看！寻找消失的芭比娃娃吧:88291
[INFO]2019-01-10 09:37:13,024 [web.grabbing.get_meipai] 芭比神秘盲盒拆拆看！寻找消失的芭比娃娃吧:87598
[INFO]2019-01-10 09:37:13,596 [web.grabbing.get_meipai] 芭比神秘盲盒拆拆看！寻找消失的芭比娃娃吧:375000
[INFO]2019-01-10 09:37:14,153 [web.grabbing.get_meipai] 狗狗万圣节换装游戏！上演搞笑汪禧攻略！:97933
[INFO]2019-01-10 09:37:14,926 [web.grabbing.get_meipai] 狗狗万圣节换装游戏！上演搞笑汪禧攻略！:88881
[INFO]2019-01-10 09:37:15,510 [web.grabbing.get_meipai] 三色挑战之最美校服搭配挑战啦！:148000
[INFO]2019-01-10 09:37:16,129 [web.grabbing.get_meipai] 三色挑战之最美校服搭配挑战啦！:112000
[INFO]2019-01-10 09:37:16,732 [web.grabbing.get_meipai] 脑电波温度计保持冷静忍笑挑战！:95859
[INFO]2019-01-10 09:37:17,412 [web.grabbing.get_meipai] 脑电波温度计保持冷静忍笑挑战！:118000
[INFO]2019-01-10 09:37:18,127 [web.grabbing.get_meipai] 数字1-10手绘出神奇的麦当劳美食咯！:179000
[INFO]2019-01-10 09:37:18,727 [web.grabbing.get_meipai] 数字1-10手绘出神奇的麦当劳美食咯！:116000
[INFO]2019-01-10 09:37:19,302 [web.grabbing.get_meipai] 可以吃的学习文具？！和夏天来手工制作吧！:117000
[INFO]2019-01-10 09:37:19,901 [web.grabbing.get_meipai] 可以吃的学习文具？！和夏天来手工制作吧！:682000
[INFO]2019-01-10 09:37:20,848 [web.grabbing.get_meipai] 幸运惊喜抽抽乐！:116000
[INFO]2019-01-10 09:37:21,446 [web.grabbing.get_meipai] 幸运惊喜抽抽乐！:110000
[INFO]2019-01-10 09:37:21,963 [web.grabbing.get_meipai] 幸运惊喜抽抽乐！:491000
[INFO]2019-01-10 09:37:22,927 [web.grabbing.get_meipai] 幸运惊喜抽抽乐！:92785
[INFO]2019-01-10 09:37:24,252 [web.grabbing.get_meipai] 小豆子炸酱面馆开业啦！:409000
[INFO]2019-01-10 09:37:24,872 [web.grabbing.get_meipai] 小豆子炸酱面馆开业啦！:302000
[INFO]2019-01-10 09:37:25,361 [web.grabbing.get_meipai] 狗狗也可以照证件照？coco能乖乖听话么:109000
[INFO]2019-01-10 09:37:25,954 [web.grabbing.get_meipai] 狗狗也可以照证件照？coco能乖乖听话么:177000
[INFO]2019-01-10 09:37:26,666 [web.grabbing.get_meipai] 挑战旋转吃货皇冠啦！到底谁才是最强吃货呢:124000
[INFO]2019-01-10 09:37:28,087 [web.grabbing.get_meipai] 挑战旋转吃货皇冠啦！到底谁才是最强吃货呢:177000
[INFO]2019-01-10 09:37:28,629 [web.grabbing.get_meipai] 甜点煎饼叠叠乐！输的人有煎饼惩罚哟！:113000
[INFO]2019-01-10 09:37:29,874 [web.grabbing.get_meipai] 甜点煎饼叠叠乐！输的人有煎饼惩罚哟！:100000
[INFO]2019-01-10 09:37:30,361 [web.grabbing.get_meipai] 手工作出2d版的lol惊喜娃娃拆拆乐啦！:132000
[INFO]2019-01-10 09:37:31,146 [web.grabbing.get_meipai] 手工作出2d版的lol惊喜娃娃拆拆乐啦！:88511
[INFO]2019-01-10 09:37:31,726 [web.grabbing.get_meipai] 帮忙照顾婴儿的夏天！:101000
[INFO]2019-01-10 09:37:32,363 [web.grabbing.get_meipai] 帮忙照顾婴儿的夏天！:104000
[INFO]2019-01-10 09:37:33,853 [web.grabbing.get_meipai] 美味蛋糕黏土手工DIY:80487
[INFO]2019-01-10 09:37:34,591 [web.grabbing.get_meipai] 美味蛋糕黏土手工DIY:78076
[INFO]2019-01-10 09:37:35,131 [web.grabbing.get_meipai] 搞怪便便版本出奇蛋抽抽乐！:97835
[INFO]2019-01-10 09:37:36,014 [web.grabbing.get_meipai] 搞怪便便版本出奇蛋抽抽乐！:78586
[INFO]2019-01-10 09:37:36,633 [web.grabbing.get_meipai] 搞怪便便版本出奇蛋抽抽乐！:86103
[INFO]2019-01-10 09:37:37,461 [web.grabbing.get_meipai] 居然有狗狗的专用餐厅？:106000
[INFO]2019-01-10 09:37:38,253 [web.grabbing.get_meipai] 居然有狗狗的专用餐厅？:96138
[INFO]2019-01-10 09:37:38,850 [web.grabbing.get_meipai] 三色挑战之T恤手工染色DIY比赛啦！:150000
[INFO]2019-01-10 09:37:39,520 [web.grabbing.get_meipai] 三色挑战之T恤手工染色DIY比赛啦！:118000
[INFO]2019-01-10 09:37:39,977 [web.grabbing.get_meipai] 伶可家族问与答之睡前版本！:86763
[INFO]2019-01-10 09:37:40,542 [web.grabbing.get_meipai] 伶可家族问与答之睡前版本！:82202
[INFO]2019-01-10 09:37:41,115 [web.grabbing.get_meipai] 迷你厨房之最小的网红答案奶茶手工制作！:105000
[INFO]2019-01-10 09:37:41,711 [web.grabbing.get_meipai] 迷你厨房之最小的网红答案奶茶手工制作！:96307
[INFO]2019-01-10 09:37:42,258 [web.grabbing.get_meipai] 手机可以当水杯？黑科技文具开箱咯！:107000
[INFO]2019-01-10 09:37:42,836 [web.grabbing.get_meipai] 手机可以当水杯？黑科技文具开箱咯！:121000
[INFO]2019-01-10 09:37:43,471 [web.grabbing.get_meipai] 超萌小马宝莉盲盒拆拆看！:97087
[INFO]2019-01-10 09:37:44,113 [web.grabbing.get_meipai] 超萌小马宝莉盲盒拆拆看！:82413
[INFO]2019-01-10 09:37:44,794 [web.grabbing.get_meipai] 小伶为长发芭比打造3种派对发型:83348
[INFO]2019-01-10 09:37:45,402 [web.grabbing.get_meipai] 小伶为长发芭比打造3种派对发型:74748
[INFO]2019-01-10 09:37:46,920 [web.grabbing.get_meipai] 挑战主人不见了狗狗会有什么反应呢？:104000
[INFO]2019-01-10 09:37:48,231 [web.grabbing.get_meipai] 挑战主人不见了狗狗会有什么反应呢？:84155
[INFO]2019-01-10 09:37:48,753 [web.grabbing.get_meipai] 友情测试谁更了解我呢夏天版:118000
[INFO]2019-01-10 09:37:49,315 [web.grabbing.get_meipai] 友情测试谁更了解我呢夏天版:95180
[INFO]2019-01-10 09:37:49,878 [web.grabbing.get_meipai] 友情测试谁更了解我呢夏天版:96219
[INFO]2019-01-10 09:37:50,449 [web.grabbing.get_meipai] 猜猜小伶不为人知的过去！:135000
[INFO]2019-01-10 09:37:51,077 [web.grabbing.get_meipai] 猜猜小伶不为人知的过去！:125000
[INFO]2019-01-10 09:37:51,654 [web.grabbing.get_meipai] 闪亮高跟鞋设计师店！一起制作美丽高跟鞋吧:121000
[INFO]2019-01-10 09:37:52,344 [web.grabbing.get_meipai] 闪亮高跟鞋设计师店！一起制作美丽高跟鞋吧:88046
[INFO]2019-01-10 09:37:52,918 [web.grabbing.get_meipai] 闪亮高跟鞋设计师店！一起制作美丽高跟鞋吧:86961
[INFO]2019-01-10 09:37:53,837 [web.grabbing.get_meipai] 我的朋友哆啦A梦的神奇百宝箱！:112000
[INFO]2019-01-10 09:37:54,453 [web.grabbing.get_meipai] 我的朋友哆啦A梦的神奇百宝箱！:90628
[INFO]2019-01-10 09:37:54,966 [web.grabbing.get_meipai] 小伶和咪露的豪华海边度假屋:123000
[INFO]2019-01-10 09:37:55,707 [web.grabbing.get_meipai] 小伶和咪露的豪华海边度假屋:119000
[INFO]2019-01-10 09:37:56,224 [web.grabbing.get_meipai] 迷你厨房国庆特辑之DIY:99965
[INFO]2019-01-10 09:37:56,847 [web.grabbing.get_meipai] 迷你厨房国庆特辑之DIY:83080
[INFO]2019-01-10 09:37:57,342 [web.grabbing.get_meipai] 伶可家族版声临其境阿凡提配音大赛开始啦！:119000
[INFO]2019-01-10 09:37:57,970 [web.grabbing.get_meipai] 伶可家族版声临其境阿凡提配音大赛开始啦！:127000
[INFO]2019-01-10 09:37:58,548 [web.grabbing.get_meipai] 夏天和狗狗们的赛跑？是狗快还是人更快呢？:95422
[INFO]2019-01-10 09:37:59,214 [web.grabbing.get_meipai] 夏天和狗狗们的赛跑？是狗快还是人更快呢？:79318
[INFO]2019-01-10 09:38:00,297 [web.grabbing.get_meipai] 国庆特辑之国庆出游旅行箱运气交换赛！:115000
[INFO]2019-01-10 09:38:00,900 [web.grabbing.get_meipai] 国庆特辑之国庆出游旅行箱运气交换赛！:105000
[INFO]2019-01-10 09:38:01,851 [web.grabbing.get_meipai] 国庆特辑之国庆出游旅行箱运气交换赛！:109000
[INFO]2019-01-10 09:38:02,369 [web.grabbing.get_meipai] 超大零食出奇惊喜箱？:131000
[INFO]2019-01-10 09:38:02,947 [web.grabbing.get_meipai] 超大零食出奇惊喜箱？:132000
[INFO]2019-01-10 09:38:03,689 [web.grabbing.get_meipai] 超大零食出奇惊喜箱？:142000
[INFO]2019-01-10 09:38:04,249 [web.grabbing.get_meipai] 惊喜宠物奇趣蛋4开箱啦！:89275
[INFO]2019-01-10 09:38:04,868 [web.grabbing.get_meipai] 惊喜宠物奇趣蛋4开箱啦！:73839
[INFO]2019-01-10 09:38:05,329 [web.grabbing.get_meipai] 世界上最小的神奇产品！居然真的可以用！:94035
[INFO]2019-01-10 09:38:05,973 [web.grabbing.get_meipai] 世界上最小的神奇产品！居然真的可以用！:87185
[INFO]2019-01-10 09:38:06,459 [web.grabbing.get_meipai] 世界上最小的神奇产品！居然真的可以用！:89771
[INFO]2019-01-10 09:38:07,035 [web.grabbing.get_meipai] 中秋特辑之世界上最小的迷你冰皮月饼！:90417
[INFO]2019-01-10 09:38:07,650 [web.grabbing.get_meipai] 中秋特辑之世界上最小的迷你冰皮月饼！:79703
[INFO]2019-01-10 09:38:08,209 [web.grabbing.get_meipai] 中秋特辑之是卡通玩具呢还是卡通月饼:141000
[INFO]2019-01-10 09:38:08,816 [web.grabbing.get_meipai] 中秋特辑之是卡通玩具呢还是卡通月饼:116000
[INFO]2019-01-10 09:38:09,285 [web.grabbing.get_meipai] 中秋特辑之是卡通玩具呢还是卡通月饼:138000
[INFO]2019-01-10 09:38:09,737 [web.grabbing.get_meipai] 超萌狗狗coco的那些可爱萌系瞬间集锦！:120000
[INFO]2019-01-10 09:38:10,359 [web.grabbing.get_meipai] 超萌狗狗coco的那些可爱萌系瞬间集锦！:86571
[INFO]2019-01-10 09:38:10,908 [web.grabbing.get_meipai] 包饺子手工DIY挑战啦！居然有咖啡饺子？:151000
[INFO]2019-01-10 09:38:11,540 [web.grabbing.get_meipai] 包饺子手工DIY挑战啦！居然有咖啡饺子？:117000
[INFO]2019-01-10 09:38:12,028 [web.grabbing.get_meipai] 包饺子手工DIY挑战啦！居然有咖啡饺子？:122000
[INFO]2019-01-10 09:38:12,551 [web.grabbing.get_meipai] 庆祝悦儿毕业啦！伶可家族毕业学校首次公开:117000
[INFO]2019-01-10 09:38:13,169 [web.grabbing.get_meipai] 庆祝悦儿毕业啦！伶可家族毕业学校首次公开:76767
[INFO]2019-01-10 09:38:13,735 [web.grabbing.get_meipai] 庆祝悦儿毕业啦！伶可家族毕业学校首次公开:86550
[INFO]2019-01-10 09:38:14,233 [web.grabbing.get_meipai] 气球会爆炸的汉堡店！一起限时堆汉堡挑战吧:78394
[INFO]2019-01-10 09:38:14,816 [web.grabbing.get_meipai] 气球会爆炸的汉堡店！一起限时堆汉堡挑战吧:83255
[INFO]2019-01-10 09:38:15,337 [web.grabbing.get_meipai] 打造属于我自己的唇彩手工DIY！:93896
[INFO]2019-01-10 09:38:15,931 [web.grabbing.get_meipai] 打造属于我自己的唇彩手工DIY！:91484
[INFO]2019-01-10 09:38:16,396 [web.grabbing.get_meipai] 打造属于我自己的唇彩手工DIY！:106000
[INFO]2019-01-10 09:38:16,917 [web.grabbing.get_meipai] 自制超大养乐多酸奶净水器啦！:149000
[INFO]2019-01-10 09:38:17,511 [web.grabbing.get_meipai] 自制超大养乐多酸奶净水器啦！:105000
[INFO]2019-01-10 09:38:18,071 [web.grabbing.get_meipai] 布拉茨娃娃的皮鞋时尚穿搭！:100000
[INFO]2019-01-10 09:38:18,702 [web.grabbing.get_meipai] 布拉茨娃娃的皮鞋时尚穿搭！:86486
[INFO]2019-01-10 09:38:19,312 [web.grabbing.get_meipai] 居然有汪星人专用的烘干机？:128000
[INFO]2019-01-10 09:38:19,897 [web.grabbing.get_meipai] 居然有汪星人专用的烘干机？:95953
[INFO]2019-01-10 09:38:20,449 [web.grabbing.get_meipai] 伶可家族挑战校园午餐饭盒换换看！:127000
[INFO]2019-01-10 09:38:21,070 [web.grabbing.get_meipai] 伶可家族挑战校园午餐饭盒换换看！:128000
[INFO]2019-01-10 09:38:21,616 [web.grabbing.get_meipai] 伶可家族挑战校园午餐饭盒换换看！:153000
[INFO]2019-01-10 09:38:22,115 [web.grabbing.get_meipai] 手工DIY帮美人鱼公主找回神奇海底世界吧:88801
[INFO]2019-01-10 09:38:22,683 [web.grabbing.get_meipai] 手工DIY帮美人鱼公主找回神奇海底世界吧:85267
[INFO]2019-01-10 09:38:23,240 [web.grabbing.get_meipai] 夏天实验室之调配出属于我自己的专属香水吧:104000
[INFO]2019-01-10 09:38:23,932 [web.grabbing.get_meipai] 夏天实验室之调配出属于我自己的专属香水吧:95528
[INFO]2019-01-10 09:38:24,557 [web.grabbing.get_meipai] 夏天实验室之调配出属于我自己的专属香水吧:96320
[INFO]2019-01-10 09:38:25,062 [web.grabbing.get_meipai] 珠珠的秘密蝴蝶结首饰盒子！:109000
[INFO]2019-01-10 09:38:25,609 [web.grabbing.get_meipai] 珠珠的秘密蝴蝶结首饰盒子！:83441
[INFO]2019-01-10 09:38:26,139 [web.grabbing.get_meipai] 教师节特辑之为老师制作美妙天堂蝴蝶结礼物:92938
[INFO]2019-01-10 09:38:26,793 [web.grabbing.get_meipai] 教师节特辑之为老师制作美妙天堂蝴蝶结礼物:95797
[INFO]2019-01-10 09:38:27,391 [web.grabbing.get_meipai] 伶可家族暑期计划时光蛋开奖啦！:128000
[INFO]2019-01-10 09:38:28,038 [web.grabbing.get_meipai] 伶可家族暑期计划时光蛋开奖啦！:107000
[INFO]2019-01-10 09:38:28,548 [web.grabbing.get_meipai] 小伶手工自制狗狗佛系养生餐啦！:113000
[INFO]2019-01-10 09:38:29,154 [web.grabbing.get_meipai] 小伶手工自制狗狗佛系养生餐啦！:102000
[INFO]2019-01-10 09:38:29,750 [web.grabbing.get_meipai] 奔跑吧小伶餐厅服务生！:129000
[INFO]2019-01-10 09:38:30,309 [web.grabbing.get_meipai] 奔跑吧小伶餐厅服务生！:128000
[INFO]2019-01-10 09:38:31,046 [web.grabbing.get_meipai] 超神奇的滑板旅行箱！上学不用迟到啦！:232000
[INFO]2019-01-10 09:38:31,621 [web.grabbing.get_meipai] 超神奇的滑板旅行箱！上学不用迟到啦！:343000
[INFO]2019-01-10 09:38:32,144 [web.grabbing.get_meipai] 教师节特辑之为老师制作教师节贺卡:298000
[INFO]2019-01-10 09:38:32,775 [web.grabbing.get_meipai] 教师节特辑之为老师制作教师节贺卡:169000
[INFO]2019-01-10 09:38:33,451 [web.grabbing.get_meipai] 谁是吃货演技王？伶可吃货们能不能瞒天过海:132000
[INFO]2019-01-10 09:38:34,066 [web.grabbing.get_meipai] 谁是吃货演技王？伶可吃货们能不能瞒天过海:108000
[INFO]2019-01-10 09:38:34,670 [web.grabbing.get_meipai] 谁是吃货演技王？伶可吃货们能不能瞒天过海:102000
[INFO]2019-01-10 09:38:35,956 [web.grabbing.get_meipai] 超大LOL惊喜娃娃宠物出奇蛋！:127000
[INFO]2019-01-10 09:38:36,629 [web.grabbing.get_meipai] 超大LOL惊喜娃娃宠物出奇蛋！:84549
[INFO]2019-01-10 09:38:37,244 [web.grabbing.get_meipai] 超大LOL惊喜娃娃宠物出奇蛋！:154000
[INFO]2019-01-10 09:38:37,752 [web.grabbing.get_meipai] 12生肖盲盒开箱拆拆看！你是什么生肖呢？:91153
[INFO]2019-01-10 09:38:38,320 [web.grabbing.get_meipai] 12生肖盲盒开箱拆拆看！你是什么生肖呢？:142000
[INFO]2019-01-10 09:38:39,021 [web.grabbing.get_meipai] 12生肖盲盒开箱拆拆看！你是什么生肖呢？:558000
[INFO]2019-01-10 09:38:39,628 [web.grabbing.get_meipai] 用软糖也可以做出龙须糖么？:138000
[INFO]2019-01-10 09:38:40,371 [web.grabbing.get_meipai] 用软糖也可以做出龙须糖么？:191000
[INFO]2019-01-10 09:38:41,906 [web.grabbing.get_meipai] 用软糖也可以做出龙须糖么！:657000
[INFO]2019-01-10 09:38:42,780 [web.grabbing.get_meipai] 和小风伶们一起玩刺激的惊喜烧烤派对桌游啦:114000
[INFO]2019-01-10 09:38:43,439 [web.grabbing.get_meipai] 和小风伶们一起玩刺激的惊喜烧烤派对桌游啦:101000
[INFO]2019-01-10 09:38:44,023 [web.grabbing.get_meipai] 和小风伶们一起玩刺激的惊喜烧烤派对桌游啦:103000
[INFO]2019-01-10 09:38:44,558 [web.grabbing.get_meipai] 夏天带狗狗去挑战游泳啦！:115000
[INFO]2019-01-10 09:38:45,063 [web.grabbing.get_meipai] 夏天带狗狗去挑战游泳啦！汪星人天生就会游:110000
[INFO]2019-01-10 09:38:45,813 [web.grabbing.get_meipai] 开学特辑之三色挑战新学期学习用品购物啦！:178000
[INFO]2019-01-10 09:38:46,483 [web.grabbing.get_meipai] 开学特辑之三色挑战新学期学习用品购物啦！:183000
[INFO]2019-01-10 09:38:47,016 [web.grabbing.get_meipai] 开学特辑之三色挑战新学期学习用品购物啦！:201000
[INFO]2019-01-10 09:38:47,534 [web.grabbing.get_meipai] 小伶推理之小伶的急救处方:194000
[INFO]2019-01-10 09:38:48,094 [web.grabbing.get_meipai] 小伶推理之小伶的急救处方:173000
[INFO]2019-01-10 09:38:48,722 [web.grabbing.get_meipai] 开学特辑之伶可家族小豆子乐队演奏团来啦！:110000
[INFO]2019-01-10 09:38:49,313 [web.grabbing.get_meipai] 开学特辑之伶可家族小豆子乐队演奏团来啦！:97750
[INFO]2019-01-10 09:38:49,879 [web.grabbing.get_meipai] 帮公主挑选最美婚纱礼服吧:145000
[INFO]2019-01-10 09:38:51,293 [web.grabbing.get_meipai] 帮公主挑选最美婚纱礼服吧:109000
[INFO]2019-01-10 09:38:51,818 [web.grabbing.get_meipai] 超刺激奶油大炮射击啦！:142000
[INFO]2019-01-10 09:38:52,561 [web.grabbing.get_meipai] 超刺激奶油大炮射击啦！:138000
[INFO]2019-01-10 09:38:53,168 [web.grabbing.get_meipai] 超刺激奶油大炮射击啦！:112000
[INFO]2019-01-10 09:38:53,701 [web.grabbing.get_meipai] 随机幸运转盘铁板冰淇淋机！:396000
[INFO]2019-01-10 09:38:54,333 [web.grabbing.get_meipai] 随机幸运转盘铁板冰淇淋机！:173000
[INFO]2019-01-10 09:38:54,842 [web.grabbing.get_meipai] 随机幸运转盘铁板冰淇淋机！:551000
[INFO]2019-01-10 09:38:55,308 [web.grabbing.get_meipai] 66种口味冰淇淋吃吃看:196000
[INFO]2019-01-10 09:38:55,928 [web.grabbing.get_meipai] 66种口味冰淇淋吃吃看:329000
[INFO]2019-01-10 09:38:56,487 [web.grabbing.get_meipai] 吃西瓜版123木头人！:192000
[INFO]2019-01-10 09:38:57,136 [web.grabbing.get_meipai] 吃西瓜版123木头人！:131000
[INFO]2019-01-10 09:38:57,658 [web.grabbing.get_meipai] 叶罗丽开箱第三弹！挑选最美的派对服装吧！:286000
[INFO]2019-01-10 09:38:58,167 [web.grabbing.get_meipai] 叶罗丽开箱第三弹！挑选最美的派对服装吧！:378000
[INFO]2019-01-10 09:38:58,639 [web.grabbing.get_meipai] 小伶推理之救出消失的乐高王子答案公开！:160000
[INFO]2019-01-10 09:38:59,209 [web.grabbing.get_meipai] 千万别说这些词之水枪惩罚版！:146000
[INFO]2019-01-10 09:38:59,842 [web.grabbing.get_meipai] 千万别说这些词之水枪惩罚版！:139000
[INFO]2019-01-10 09:39:00,376 [web.grabbing.get_meipai] 千万别说这些词之水枪惩罚版！:122000
[INFO]2019-01-10 09:39:01,087 [web.grabbing.get_meipai] 芭比超人气运动鞋手工DIY:496000
[INFO]2019-01-10 09:39:01,687 [web.grabbing.get_meipai] 芭比超人气运动鞋手工DIY:117000
[INFO]2019-01-10 09:39:02,221 [web.grabbing.get_meipai] 芭比救护车玩具开箱啦！:684000
[INFO]2019-01-10 09:39:02,873 [web.grabbing.get_meipai] 芭比救护车玩具开箱啦！:271000
[INFO]2019-01-10 09:39:03,433 [web.grabbing.get_meipai] 芭比救护车玩具开箱啦！:240000
[INFO]2019-01-10 09:39:04,356 [web.grabbing.get_meipai] 任天堂labo体感游戏机开箱啦:262000
[INFO]2019-01-10 10:02:51,555 [web.grabbing.get_meipai] log创建成功。。。。。
[INFO]2019-01-10 10:02:51,555 [web.grabbing.get_meipai] 【夏坤姐弟之一起打扫房间吧！】:114000
[INFO]2019-01-10 10:02:52,047 [web.grabbing.get_meipai] 【手工制作芭比的超迷你旅行箱吧！】第二集:93057
[INFO]2019-01-10 10:02:52,547 [web.grabbing.get_meipai] 【手工制作芭比的超迷你旅行箱吧！】第一集:101000
[INFO]2019-01-10 10:02:53,106 [web.grabbing.get_meipai] 【孵化出双胞胎小鸟魔法奇趣蛋吧！】第三集:87965
[INFO]2019-01-10 10:02:53,682 [web.grabbing.get_meipai] 【孵化出双胞胎小鸟魔法奇趣蛋吧！】第二集:78996
[INFO]2019-01-10 10:02:54,353 [web.grabbing.get_meipai] 【孵化出双胞胎小鸟魔法奇趣蛋吧！】第一集:88283
[INFO]2019-01-10 10:02:54,944 [web.grabbing.get_meipai] 【找出可爱企鹅的神秘嘉宾！】第三集:89619
[INFO]2019-01-10 10:02:55,555 [web.grabbing.get_meipai] 【找出可爱企鹅的神秘嘉宾！】第二集:86647
[INFO]2019-01-10 10:02:56,131 [web.grabbing.get_meipai] 【找出可爱企鹅的神秘嘉宾！】第一集:122000
[INFO]2019-01-10 10:02:56,597 [web.grabbing.get_meipai] 【小伶居然第一次拆lol惊喜娃娃！】第三集:79951
[INFO]2019-01-10 10:02:57,129 [web.grabbing.get_meipai] 【小伶居然第一次拆lol惊喜娃娃！】第二集:77234
[INFO]2019-01-10 10:02:57,699 [web.grabbing.get_meipai] 【小伶居然第一次拆lol惊喜娃娃！】第一集:103000
[INFO]2019-01-10 10:02:58,255 [web.grabbing.get_meipai] 【终于到了真正的霍格沃茨！】第二集:93952
[INFO]2019-01-10 10:02:58,899 [web.grabbing.get_meipai] 【终于到了真正的霍格沃茨！】第一集:86173
[INFO]2019-01-10 10:02:59,795 [web.grabbing.get_meipai] 【三色挑战制作手机壳DIY啦！】第二集:109000
